CRITICAL - 2023-11-24 09:49:41 --> App\Controllers\Products::create(): Return value must be of type CodeIgniter\HTTP\ResponseInterface, string returned
in APPPATH\Controllers\Products.php on line 55.
 1 SYSTEMPATH\CodeIgniter.php(942): App\Controllers\Products->create()
 2 SYSTEMPATH\CodeIgniter.php(502): CodeIgniter\CodeIgniter->runController(Object(App\Controllers\Products))
 3 SYSTEMPATH\CodeIgniter.php(361): CodeIgniter\CodeIgniter->handleRequest(null, Object(Config\Cache), false)
 4 FCPATH\index.php(82): CodeIgniter\CodeIgniter->run()
 5 SYSTEMPATH\Commands\Server\rewrite.php(47): require_once('C:\\xampp\\htdocs\\unifi test\\Dashboard\\backend\\public\\index.php')
CRITICAL - 2023-11-24 10:10:56 --> Call to a member function isValid() on null
in APPPATH\Controllers\Products.php on line 47.
 1 SYSTEMPATH\CodeIgniter.php(942): App\Controllers\Products->create()
 2 SYSTEMPATH\CodeIgniter.php(502): CodeIgniter\CodeIgniter->runController(Object(App\Controllers\Products))
 3 SYSTEMPATH\CodeIgniter.php(361): CodeIgniter\CodeIgniter->handleRequest(null, Object(Config\Cache), false)
 4 FCPATH\index.php(82): CodeIgniter\CodeIgniter->run()
 5 SYSTEMPATH\Commands\Server\rewrite.php(47): require_once('C:\\xampp\\htdocs\\unifi test\\Dashboard\\backend\\public\\index.php')
CRITICAL - 2023-11-24 10:11:05 --> Call to a member function isValid() on null
in APPPATH\Controllers\Products.php on line 47.
 1 SYSTEMPATH\CodeIgniter.php(942): App\Controllers\Products->create()
 2 SYSTEMPATH\CodeIgniter.php(502): CodeIgniter\CodeIgniter->runController(Object(App\Controllers\Products))
 3 SYSTEMPATH\CodeIgniter.php(361): CodeIgniter\CodeIgniter->handleRequest(null, Object(Config\Cache), false)
 4 FCPATH\index.php(82): CodeIgniter\CodeIgniter->run()
 5 SYSTEMPATH\Commands\Server\rewrite.php(47): require_once('C:\\xampp\\htdocs\\unifi test\\Dashboard\\backend\\public\\index.php')
CRITICAL - 2023-11-24 10:15:56 --> There is no data to update.
in SYSTEMPATH\BaseModel.php on line 1726.
 1 SYSTEMPATH\BaseModel.php(1726): CodeIgniter\Database\Exceptions\DataException::forEmptyDataset('update')
 2 SYSTEMPATH\BaseModel.php(916): CodeIgniter\BaseModel->transformDataToArray(null, 'update')
 3 SYSTEMPATH\Model.php(776): CodeIgniter\BaseModel->update([...], null)
 4 APPPATH\Controllers\Products.php(74): CodeIgniter\Model->update('3', null)
 5 SYSTEMPATH\CodeIgniter.php(942): App\Controllers\Products->update('3')
 6 SYSTEMPATH\CodeIgniter.php(502): CodeIgniter\CodeIgniter->runController(Object(App\Controllers\Products))
 7 SYSTEMPATH\CodeIgniter.php(361): CodeIgniter\CodeIgniter->handleRequest(null, Object(Config\Cache), false)
 8 FCPATH\index.php(82): CodeIgniter\CodeIgniter->run()
 9 SYSTEMPATH\Commands\Server\rewrite.php(47): require_once('C:\\xampp\\htdocs\\unifi test\\Dashboard\\backend\\public\\index.php')
CRITICAL - 2023-11-24 10:15:57 --> There is no data to update.
in SYSTEMPATH\BaseModel.php on line 1726.
 1 SYSTEMPATH\BaseModel.php(1726): CodeIgniter\Database\Exceptions\DataException::forEmptyDataset('update')
 2 SYSTEMPATH\BaseModel.php(916): CodeIgniter\BaseModel->transformDataToArray(null, 'update')
 3 SYSTEMPATH\Model.php(776): CodeIgniter\BaseModel->update([...], null)
 4 APPPATH\Controllers\Products.php(74): CodeIgniter\Model->update('3', null)
 5 SYSTEMPATH\CodeIgniter.php(942): App\Controllers\Products->update('3')
 6 SYSTEMPATH\CodeIgniter.php(502): CodeIgniter\CodeIgniter->runController(Object(App\Controllers\Products))
 7 SYSTEMPATH\CodeIgniter.php(361): CodeIgniter\CodeIgniter->handleRequest(null, Object(Config\Cache), false)
 8 FCPATH\index.php(82): CodeIgniter\CodeIgniter->run()
 9 SYSTEMPATH\Commands\Server\rewrite.php(47): require_once('C:\\xampp\\htdocs\\unifi test\\Dashboard\\backend\\public\\index.php')
CRITICAL - 2023-11-24 10:17:57 --> There is no data to update.
in SYSTEMPATH\BaseModel.php on line 1726.
 1 SYSTEMPATH\BaseModel.php(1726): CodeIgniter\Database\Exceptions\DataException::forEmptyDataset('update')
 2 SYSTEMPATH\BaseModel.php(916): CodeIgniter\BaseModel->transformDataToArray([], 'update')
 3 SYSTEMPATH\Model.php(776): CodeIgniter\BaseModel->update([...], [])
 4 APPPATH\Controllers\Products.php(93): CodeIgniter\Model->update('3', [])
 5 SYSTEMPATH\CodeIgniter.php(942): App\Controllers\Products->update('3')
 6 SYSTEMPATH\CodeIgniter.php(502): CodeIgniter\CodeIgniter->runController(Object(App\Controllers\Products))
 7 SYSTEMPATH\CodeIgniter.php(361): CodeIgniter\CodeIgniter->handleRequest(null, Object(Config\Cache), false)
 8 FCPATH\index.php(82): CodeIgniter\CodeIgniter->run()
 9 SYSTEMPATH\Commands\Server\rewrite.php(47): require_once('C:\\xampp\\htdocs\\unifi test\\Dashboard\\backend\\public\\index.php')
ERROR - 2023-11-24 11:15:57 --> mysqli_sql_exception: Cannot delete or update a parent row: a foreign key constraint fails (`unifi_ecommerce`.`carousels`, CONSTRAINT `carousels_ibfk_1` FOREIGN KEY (`product_id`) REFERENCES `products` (`id`)) in C:\xampp\htdocs\unifi test\Dashboard\backend\system\Database\MySQLi\Connection.php:306
Stack trace:
#0 C:\xampp\htdocs\unifi test\Dashboard\backend\system\Database\MySQLi\Connection.php(306): mysqli->query('DELETE FROM `pr...', 0)
#1 C:\xampp\htdocs\unifi test\Dashboard\backend\system\Database\BaseConnection.php(693): CodeIgniter\Database\MySQLi\Connection->execute('DELETE FROM `pr...')
#2 C:\xampp\htdocs\unifi test\Dashboard\backend\system\Database\BaseConnection.php(607): CodeIgniter\Database\BaseConnection->simpleQuery('DELETE FROM `pr...')
#3 C:\xampp\htdocs\unifi test\Dashboard\backend\system\Database\BaseBuilder.php(2790): CodeIgniter\Database\BaseConnection->query('DELETE FROM `pr...', Array, false)
#4 C:\xampp\htdocs\unifi test\Dashboard\backend\system\Model.php(445): CodeIgniter\Database\BaseBuilder->delete()
#5 C:\xampp\htdocs\unifi test\Dashboard\backend\system\BaseModel.php(1080): CodeIgniter\Model->doDelete(Array, false)
#6 C:\xampp\htdocs\unifi test\Dashboard\backend\app\Controllers\Products.php(103): CodeIgniter\BaseModel->delete(Array)
#7 C:\xampp\htdocs\unifi test\Dashboard\backend\system\CodeIgniter.php(942): App\Controllers\Products->delete('3')
#8 C:\xampp\htdocs\unifi test\Dashboard\backend\system\CodeIgniter.php(502): CodeIgniter\CodeIgniter->runController(Object(App\Controllers\Products))
#9 C:\xampp\htdocs\unifi test\Dashboard\backend\system\CodeIgniter.php(361): CodeIgniter\CodeIgniter->handleRequest(NULL, Object(Config\Cache), false)
#10 C:\xampp\htdocs\unifi test\Dashboard\backend\public\index.php(82): CodeIgniter\CodeIgniter->run()
#11 C:\xampp\htdocs\unifi test\Dashboard\backend\system\Commands\Server\rewrite.php(47): require_once('C:\\xampp\\htdocs...')
#12 {main}
CRITICAL - 2023-11-24 11:15:57 --> Cannot delete or update a parent row: a foreign key constraint fails (`unifi_ecommerce`.`carousels`, CONSTRAINT `carousels_ibfk_1` FOREIGN KEY (`product_id`) REFERENCES `products` (`id`))
in SYSTEMPATH\Database\BaseConnection.php on line 647.
 1 SYSTEMPATH\Database\BaseBuilder.php(2790): CodeIgniter\Database\BaseConnection->query('DELETE FROM `products`
WHERE `id` IN :id:', [...], false)
 2 SYSTEMPATH\Model.php(445): CodeIgniter\Database\BaseBuilder->delete()
 3 SYSTEMPATH\BaseModel.php(1080): CodeIgniter\Model->doDelete([...], false)
 4 APPPATH\Controllers\Products.php(103): CodeIgniter\BaseModel->delete([...])
 5 SYSTEMPATH\CodeIgniter.php(942): App\Controllers\Products->delete('3')
 6 SYSTEMPATH\CodeIgniter.php(502): CodeIgniter\CodeIgniter->runController(Object(App\Controllers\Products))
 7 SYSTEMPATH\CodeIgniter.php(361): CodeIgniter\CodeIgniter->handleRequest(null, Object(Config\Cache), false)
 8 FCPATH\index.php(82): CodeIgniter\CodeIgniter->run()
 9 SYSTEMPATH\Commands\Server\rewrite.php(47): require_once('C:\\xampp\\htdocs\\unifi test\\Dashboard\\backend\\public\\index.php')
ERROR - 2023-11-24 11:16:32 --> mysqli_sql_exception: Cannot delete or update a parent row: a foreign key constraint fails (`unifi_ecommerce`.`carousels`, CONSTRAINT `carousels_ibfk_1` FOREIGN KEY (`product_id`) REFERENCES `products` (`id`)) in C:\xampp\htdocs\unifi test\Dashboard\backend\system\Database\MySQLi\Connection.php:306
Stack trace:
#0 C:\xampp\htdocs\unifi test\Dashboard\backend\system\Database\MySQLi\Connection.php(306): mysqli->query('DELETE FROM `pr...', 0)
#1 C:\xampp\htdocs\unifi test\Dashboard\backend\system\Database\BaseConnection.php(693): CodeIgniter\Database\MySQLi\Connection->execute('DELETE FROM `pr...')
#2 C:\xampp\htdocs\unifi test\Dashboard\backend\system\Database\BaseConnection.php(607): CodeIgniter\Database\BaseConnection->simpleQuery('DELETE FROM `pr...')
#3 C:\xampp\htdocs\unifi test\Dashboard\backend\system\Database\BaseBuilder.php(2790): CodeIgniter\Database\BaseConnection->query('DELETE FROM `pr...', Array, false)
#4 C:\xampp\htdocs\unifi test\Dashboard\backend\system\Model.php(445): CodeIgniter\Database\BaseBuilder->delete()
#5 C:\xampp\htdocs\unifi test\Dashboard\backend\system\BaseModel.php(1080): CodeIgniter\Model->doDelete(Array, false)
#6 C:\xampp\htdocs\unifi test\Dashboard\backend\app\Controllers\Products.php(103): CodeIgniter\BaseModel->delete(Array)
#7 C:\xampp\htdocs\unifi test\Dashboard\backend\system\CodeIgniter.php(942): App\Controllers\Products->delete('4')
#8 C:\xampp\htdocs\unifi test\Dashboard\backend\system\CodeIgniter.php(502): CodeIgniter\CodeIgniter->runController(Object(App\Controllers\Products))
#9 C:\xampp\htdocs\unifi test\Dashboard\backend\system\CodeIgniter.php(361): CodeIgniter\CodeIgniter->handleRequest(NULL, Object(Config\Cache), false)
#10 C:\xampp\htdocs\unifi test\Dashboard\backend\public\index.php(82): CodeIgniter\CodeIgniter->run()
#11 C:\xampp\htdocs\unifi test\Dashboard\backend\system\Commands\Server\rewrite.php(47): require_once('C:\\xampp\\htdocs...')
#12 {main}
CRITICAL - 2023-11-24 11:16:32 --> Cannot delete or update a parent row: a foreign key constraint fails (`unifi_ecommerce`.`carousels`, CONSTRAINT `carousels_ibfk_1` FOREIGN KEY (`product_id`) REFERENCES `products` (`id`))
in SYSTEMPATH\Database\BaseConnection.php on line 647.
 1 SYSTEMPATH\Database\BaseBuilder.php(2790): CodeIgniter\Database\BaseConnection->query('DELETE FROM `products`
WHERE `id` IN :id:', [...], false)
 2 SYSTEMPATH\Model.php(445): CodeIgniter\Database\BaseBuilder->delete()
 3 SYSTEMPATH\BaseModel.php(1080): CodeIgniter\Model->doDelete([...], false)
 4 APPPATH\Controllers\Products.php(103): CodeIgniter\BaseModel->delete([...])
 5 SYSTEMPATH\CodeIgniter.php(942): App\Controllers\Products->delete('4')
 6 SYSTEMPATH\CodeIgniter.php(502): CodeIgniter\CodeIgniter->runController(Object(App\Controllers\Products))
 7 SYSTEMPATH\CodeIgniter.php(361): CodeIgniter\CodeIgniter->handleRequest(null, Object(Config\Cache), false)
 8 FCPATH\index.php(82): CodeIgniter\CodeIgniter->run()
 9 SYSTEMPATH\Commands\Server\rewrite.php(47): require_once('C:\\xampp\\htdocs\\unifi test\\Dashboard\\backend\\public\\index.php')
ERROR - 2023-11-24 11:16:36 --> mysqli_sql_exception: Cannot delete or update a parent row: a foreign key constraint fails (`unifi_ecommerce`.`carousels`, CONSTRAINT `carousels_ibfk_1` FOREIGN KEY (`product_id`) REFERENCES `products` (`id`)) in C:\xampp\htdocs\unifi test\Dashboard\backend\system\Database\MySQLi\Connection.php:306
Stack trace:
#0 C:\xampp\htdocs\unifi test\Dashboard\backend\system\Database\MySQLi\Connection.php(306): mysqli->query('DELETE FROM `pr...', 0)
#1 C:\xampp\htdocs\unifi test\Dashboard\backend\system\Database\BaseConnection.php(693): CodeIgniter\Database\MySQLi\Connection->execute('DELETE FROM `pr...')
#2 C:\xampp\htdocs\unifi test\Dashboard\backend\system\Database\BaseConnection.php(607): CodeIgniter\Database\BaseConnection->simpleQuery('DELETE FROM `pr...')
#3 C:\xampp\htdocs\unifi test\Dashboard\backend\system\Database\BaseBuilder.php(2790): CodeIgniter\Database\BaseConnection->query('DELETE FROM `pr...', Array, false)
#4 C:\xampp\htdocs\unifi test\Dashboard\backend\system\Model.php(445): CodeIgniter\Database\BaseBuilder->delete()
#5 C:\xampp\htdocs\unifi test\Dashboard\backend\system\BaseModel.php(1080): CodeIgniter\Model->doDelete(Array, false)
#6 C:\xampp\htdocs\unifi test\Dashboard\backend\app\Controllers\Products.php(103): CodeIgniter\BaseModel->delete(Array)
#7 C:\xampp\htdocs\unifi test\Dashboard\backend\system\CodeIgniter.php(942): App\Controllers\Products->delete('4')
#8 C:\xampp\htdocs\unifi test\Dashboard\backend\system\CodeIgniter.php(502): CodeIgniter\CodeIgniter->runController(Object(App\Controllers\Products))
#9 C:\xampp\htdocs\unifi test\Dashboard\backend\system\CodeIgniter.php(361): CodeIgniter\CodeIgniter->handleRequest(NULL, Object(Config\Cache), false)
#10 C:\xampp\htdocs\unifi test\Dashboard\backend\public\index.php(82): CodeIgniter\CodeIgniter->run()
#11 C:\xampp\htdocs\unifi test\Dashboard\backend\system\Commands\Server\rewrite.php(47): require_once('C:\\xampp\\htdocs...')
#12 {main}
CRITICAL - 2023-11-24 11:16:36 --> Cannot delete or update a parent row: a foreign key constraint fails (`unifi_ecommerce`.`carousels`, CONSTRAINT `carousels_ibfk_1` FOREIGN KEY (`product_id`) REFERENCES `products` (`id`))
in SYSTEMPATH\Database\BaseConnection.php on line 647.
 1 SYSTEMPATH\Database\BaseBuilder.php(2790): CodeIgniter\Database\BaseConnection->query('DELETE FROM `products`
WHERE `id` IN :id:', [...], false)
 2 SYSTEMPATH\Model.php(445): CodeIgniter\Database\BaseBuilder->delete()
 3 SYSTEMPATH\BaseModel.php(1080): CodeIgniter\Model->doDelete([...], false)
 4 APPPATH\Controllers\Products.php(103): CodeIgniter\BaseModel->delete([...])
 5 SYSTEMPATH\CodeIgniter.php(942): App\Controllers\Products->delete('4')
 6 SYSTEMPATH\CodeIgniter.php(502): CodeIgniter\CodeIgniter->runController(Object(App\Controllers\Products))
 7 SYSTEMPATH\CodeIgniter.php(361): CodeIgniter\CodeIgniter->handleRequest(null, Object(Config\Cache), false)
 8 FCPATH\index.php(82): CodeIgniter\CodeIgniter->run()
 9 SYSTEMPATH\Commands\Server\rewrite.php(47): require_once('C:\\xampp\\htdocs\\unifi test\\Dashboard\\backend\\public\\index.php')
ERROR - 2023-11-24 11:17:56 --> mysqli_sql_exception: Cannot delete or update a parent row: a foreign key constraint fails (`unifi_ecommerce`.`carousels`, CONSTRAINT `carousels_ibfk_1` FOREIGN KEY (`product_id`) REFERENCES `products` (`id`)) in C:\xampp\htdocs\unifi test\Dashboard\backend\system\Database\MySQLi\Connection.php:306
Stack trace:
#0 C:\xampp\htdocs\unifi test\Dashboard\backend\system\Database\MySQLi\Connection.php(306): mysqli->query('DELETE FROM `pr...', 0)
#1 C:\xampp\htdocs\unifi test\Dashboard\backend\system\Database\BaseConnection.php(693): CodeIgniter\Database\MySQLi\Connection->execute('DELETE FROM `pr...')
#2 C:\xampp\htdocs\unifi test\Dashboard\backend\system\Database\BaseConnection.php(607): CodeIgniter\Database\BaseConnection->simpleQuery('DELETE FROM `pr...')
#3 C:\xampp\htdocs\unifi test\Dashboard\backend\system\Database\BaseBuilder.php(2790): CodeIgniter\Database\BaseConnection->query('DELETE FROM `pr...', Array, false)
#4 C:\xampp\htdocs\unifi test\Dashboard\backend\system\Model.php(445): CodeIgniter\Database\BaseBuilder->delete()
#5 C:\xampp\htdocs\unifi test\Dashboard\backend\system\BaseModel.php(1080): CodeIgniter\Model->doDelete(Array, false)
#6 C:\xampp\htdocs\unifi test\Dashboard\backend\app\Controllers\Products.php(103): CodeIgniter\BaseModel->delete(Array)
#7 C:\xampp\htdocs\unifi test\Dashboard\backend\system\CodeIgniter.php(942): App\Controllers\Products->delete('4')
#8 C:\xampp\htdocs\unifi test\Dashboard\backend\system\CodeIgniter.php(502): CodeIgniter\CodeIgniter->runController(Object(App\Controllers\Products))
#9 C:\xampp\htdocs\unifi test\Dashboard\backend\system\CodeIgniter.php(361): CodeIgniter\CodeIgniter->handleRequest(NULL, Object(Config\Cache), false)
#10 C:\xampp\htdocs\unifi test\Dashboard\backend\public\index.php(82): CodeIgniter\CodeIgniter->run()
#11 C:\xampp\htdocs\unifi test\Dashboard\backend\system\Commands\Server\rewrite.php(47): require_once('C:\\xampp\\htdocs...')
#12 {main}
CRITICAL - 2023-11-24 11:17:56 --> Cannot delete or update a parent row: a foreign key constraint fails (`unifi_ecommerce`.`carousels`, CONSTRAINT `carousels_ibfk_1` FOREIGN KEY (`product_id`) REFERENCES `products` (`id`))
in SYSTEMPATH\Database\BaseConnection.php on line 647.
 1 SYSTEMPATH\Database\BaseBuilder.php(2790): CodeIgniter\Database\BaseConnection->query('DELETE FROM `products`
WHERE `id` IN :id:', [...], false)
 2 SYSTEMPATH\Model.php(445): CodeIgniter\Database\BaseBuilder->delete()
 3 SYSTEMPATH\BaseModel.php(1080): CodeIgniter\Model->doDelete([...], false)
 4 APPPATH\Controllers\Products.php(103): CodeIgniter\BaseModel->delete([...])
 5 SYSTEMPATH\CodeIgniter.php(942): App\Controllers\Products->delete('4')
 6 SYSTEMPATH\CodeIgniter.php(502): CodeIgniter\CodeIgniter->runController(Object(App\Controllers\Products))
 7 SYSTEMPATH\CodeIgniter.php(361): CodeIgniter\CodeIgniter->handleRequest(null, Object(Config\Cache), false)
 8 FCPATH\index.php(82): CodeIgniter\CodeIgniter->run()
 9 SYSTEMPATH\Commands\Server\rewrite.php(47): require_once('C:\\xampp\\htdocs\\unifi test\\Dashboard\\backend\\public\\index.php')
